<?xml version="1.0" encoding="UTF-8"?>
<testsuite name="ru.netology.banklogin.test.BankLoginTest" tests="3" skipped="0" failures="0" errors="0" timestamp="2023-05-14T07:21:39" hostname="DESKTOP-G4LILKA" time="4.073">
  <properties/>
  <testcase name="shouldGetErrorNotificationIfLoginWithRandomUserWithoutAddingToBase()" classname="ru.netology.banklogin.test.BankLoginTest" time="2.175"/>
  <testcase name="houldGetErrorNotificationIfLoginWithRandomExistUserAndRandomPassword()" classname="ru.netology.banklogin.test.BankLoginTest" time="0.749"/>
  <testcase name="shouldSuccessfullLogin()" classname="ru.netology.banklogin.test.BankLoginTest" time="1.146"/>
  <system-out><![CDATA[]]></system-out>
  <system-err><![CDATA[SLF4J: No SLF4J providers were found.
SLF4J: Defaulting to no-operation (NOP) logger implementation
SLF4J: See https://www.slf4j.org/codes.html#noProviders for further details.
Starting ChromeDriver 113.0.5672.63 (0e1a4471d5ae5bf128b1bd8f4d627c8cbd55f70c-refs/branch-heads/5672@{#912}) on port 16031
Only local connections are allowed.
Please see https://chromedriver.chromium.org/security-considerations for suggestions on keeping ChromeDriver safe.
ChromeDriver was started successfully.
May 14, 2023 10:21:40 AM org.openqa.selenium.devtools.CdpVersionFinder findNearestMatch
WARNING: Unable to find an exact match for CDP version 113, so returning the closest version found: 111
]]></system-err>
</testsuite>
